<?xml version="1.0" encoding="UTF-8"?>
<testng-results ignored="0" total="2" passed="2" failed="0" skipped="0">
  <reporter-output>
  </reporter-output>
  <suite started-at="2022-03-12T16:14:23 EST" name="Default Suite" finished-at="2022-03-12T16:14:26 EST" duration-ms="3394">
    <groups>
    </groups>
    <test started-at="2022-03-12T16:14:23 EST" name="RESTassuredProject1" finished-at="2022-03-12T16:14:26 EST" duration-ms="3394">
      <class name="apipracticetests.APITests">
        <test-method signature="test1()[pri:0, instance:apipracticetests.APITests@4c12331b]" started-at="2022-03-12T16:14:23 EST" name="test1" finished-at="2022-03-12T16:14:26 EST" duration-ms="3060" status="PASS">
          <reporter-output>
          </reporter-output>
        </test-method> <!-- test1 -->
        <test-method is-config="true" signature="recordFailure(org.testng.ITestResult)[pri:0, instance:apipracticetests.APITests@4c12331b]" started-at="2022-03-12T16:14:26 EST" name="recordFailure" finished-at="2022-03-12T16:14:26 EST" duration-ms="4" status="PASS">
          <params>
            <param index="0">
              <value>
                <![CDATA[[TestResult name=test1 status=SUCCESS method=APITests.test1()[pri:0, instance:apipracticetests.APITests@4c12331b] output={null}]]]>
              </value>
            </param>
          </params>
          <reporter-output>
          </reporter-output>
        </test-method> <!-- recordFailure -->
        <test-method signature="test2()[pri:0, instance:apipracticetests.APITests@4c12331b]" started-at="2022-03-12T16:14:26 EST" name="test2" finished-at="2022-03-12T16:14:26 EST" duration-ms="245" status="PASS">
          <reporter-output>
          </reporter-output>
        </test-method> <!-- test2 -->
        <test-method is-config="true" signature="recordFailure(org.testng.ITestResult)[pri:0, instance:apipracticetests.APITests@4c12331b]" started-at="2022-03-12T16:14:26 EST" name="recordFailure" finished-at="2022-03-12T16:14:26 EST" duration-ms="1" status="PASS">
          <params>
            <param index="0">
              <value>
                <![CDATA[[TestResult name=test2 status=SUCCESS method=APITests.test2()[pri:0, instance:apipracticetests.APITests@4c12331b] output={null}]]]>
              </value>
            </param>
          </params>
          <reporter-output>
          </reporter-output>
        </test-method> <!-- recordFailure -->
      </class> <!-- apipracticetests.APITests -->
    </test> <!-- RESTassuredProject1 -->
  </suite> <!-- Default Suite -->
</testng-results>
